scons: done reading SConscript files.
scons: Building targets ...
cd out/homework && pdflatex -interaction=nonstopmode -recorder ps1.tex
cd out/homework && pdflatex -interaction=nonstopmode -recorder ps1.tex
move out/homework/ps1.pdf to out/homework/Math Camp 2021 Homework 1.pdf
cd out/lectures && pdflatex -interaction=nonstopmode -recorder lecture1.tex
cd out/lectures && makeindex lecture1.idx
cd out/lectures && pdflatex -interaction=nonstopmode -recorder lecture1.tex
cd out/lectures && makeindex lecture1.idx
cd out/lectures && pdflatex -interaction=nonstopmode -recorder lecture1.tex
move out/lectures/lecture1.pdf to out/lectures/Math Camp 2021 Lecture 1 - Proofs, Metric Spaces, Topology.pdf
cd out/lectures && pdflatex -interaction=nonstopmode -recorder lecture2.tex
cd out/lectures && makeindex lecture2.idx
cd out/lectures && pdflatex -interaction=nonstopmode -recorder lecture2.tex
cd out/lectures && makeindex lecture2.idx
cd out/lectures && pdflatex -interaction=nonstopmode -recorder lecture2.tex
move out/lectures/lecture2.pdf to out/lectures/Math Camp 2021 Lecture 2 - Sequences, Continuity.pdf
cd out/syllabus && pdflatex -interaction=nonstopmode -recorder syllabus.tex
cd out/syllabus && pdflatex -interaction=nonstopmode -recorder syllabus.tex
move out/syllabus/syllabus.pdf to out/syllabus/Math Camp 2021 Syllabus.pdf
scons: done building targets.
